<?xml version="1.0" encoding="UTF-8" ?>
<testsuite tests="11" failures="0" name="shouty.RunCukesTest" time="0.076" errors="4" skipped="5">
  <properties>
[...]
</properties>
  <testcase classname="Scenario: Listener hears message" name="Given a person named Lucy" time="0.006">
    <error type="java.lang.NullPointerException">java.lang.NullPointerException
	at shouty.Person.&lt;init&gt;(Person.java:12)
	at shouty.Stepdefs.a_person_named_Lucy(Stepdefs.java:31)
	at ✽.Given a person named Lucy(shouty/shout.feature:15)
</error>
    <system-out>Feature: Shout
  
  In order to send location-sensitive messages to people nearby
  As a shouter
  I want to broadcast messages to people near me
  
  Rules:
  - broadcast to all users
  -don&apos;t worry about proximity yet
  
  To do:
  - only shout to people within a certain distance
</system-out>
  </testcase>
  <testcase classname="Scenario: Listener hears message" name="Scenario: Listener hears message" time="0.012">
    <error type="java.lang.NullPointerException">java.lang.NullPointerException
	at shouty.Person.&lt;init&gt;(Person.java:12)
	at shouty.Stepdefs.a_person_named_Lucy(Stepdefs.java:31)
	at ✽.Given a person named Lucy(shouty/shout.feature:15)
</error>
  </testcase>
  <testcase classname="Scenario: Listener hears message" name="And a person named Sean" time="0.015">
    <skipped/>
  </testcase>
  <testcase classname="Scenario: Listener hears message" name="When Sean shouts &quot;Free bagels!&quot;" time="0.016">
    <skipped/>
  </testcase>
  <testcase classname="Scenario: Listener hears message" name="Then Lucy hears Sean&apos;s message" time="0.016">
    <skipped/>
  </testcase>
  <testcase classname="Scenario: Listener hears a different message" name="Given Lucy is 15m from Sean" time="0">
    <error type="java.lang.NullPointerException">java.lang.NullPointerException
	at shouty.Person.&lt;init&gt;(Person.java:12)
	at shouty.Stepdefs.lucy_is_located_m_from_Sean(Stepdefs.java:25)
	at ✽.Given Lucy is 15m from Sean(shouty/shout.feature:21)
</error>
    <system-out>
  Scenario: Listener hears message  &amp;#27;[90m# shouty/shout.feature:14&amp;#27;[0m
    &amp;#27;[31mGiven &amp;#27;[0m&amp;#27;[31ma person named Lucy&amp;#27;[0m       &amp;#27;[90m# Stepdefs.a_person_named_Lucy()&amp;#27;[0m
      &amp;#27;[31mjava.lang.NullPointerException
      	at shouty.Person.&lt;init&gt;(Person.java:12)
      	at shouty.Stepdefs.a_person_named_Lucy(Stepdefs.java:31)
      	at ✽.Given a person named Lucy(shouty/shout.feature:15)
      &amp;#27;[0m
    &amp;#27;[36mAnd &amp;#27;[0m&amp;#27;[36ma person named Sean&amp;#27;[0m         &amp;#27;[90m# Stepdefs.a_person_named_Sean()&amp;#27;[0m
    &amp;#27;[36mWhen &amp;#27;[0m&amp;#27;[36mSean shouts &quot;&amp;#27;[0m&amp;#27;[36m&amp;#27;[1mFree bagels!&amp;#27;[0m&amp;#27;[36m&quot;&amp;#27;[0m &amp;#27;[90m# Stepdefs.sean_shouts(String)&amp;#27;[0m
    &amp;#27;[36mThen &amp;#27;[0m&amp;#27;[36mLucy hears Sean&apos;s message&amp;#27;[0m  &amp;#27;[90m# Stepdefs.lucy_hears_Sean_s_message()&amp;#27;[0m
</system-out>
  </testcase>
  <testcase classname="Scenario: Listener hears a different message" name="Scenario: Listener hears a different message" time="0.001">
    <error type="java.lang.NullPointerException">java.lang.NullPointerException
	at shouty.Person.&lt;init&gt;(Person.java:12)
	at shouty.Stepdefs.lucy_is_located_m_from_Sean(Stepdefs.java:25)
	at ✽.Given Lucy is 15m from Sean(shouty/shout.feature:21)
</error>
  </testcase>
  <testcase classname="Scenario: Listener hears a different message" name="When Sean shouts &quot;Free coffee!&quot;" time="0.002">
    <skipped/>
  </testcase>
  <testcase classname="Scenario: Listener hears a different message" name="Then Lucy hears Sean&apos;s message" time="0.002">
    <skipped/>
  </testcase>
  <testcase classname="Scenario: Listener is within range" name="Scenario: Listener is within range" time="0.006"/>
  <testcase classname="Scenario: Listener is out of range" name="Scenario: Listener is out of range" time="0"/>
</testsuite>